[17:17:40] [Client thread/INFO]: Setting user: Player313
[17:17:44] [Client thread/WARN]: Skipping bad option: lastServer:
[17:17:44] [Client thread/INFO]: LWJGL Version: 2.9.4
[17:17:49] [Client thread/INFO]: Reloading ResourceManager: Default, FMLFileResourcePack:Forge Mod Loader, FMLFileResourcePack:Minecraft Forge, FMLFileResourcePack:What Could Have Been
[17:17:53] [Sound Library Loader/INFO]: Starting up SoundSystem...
[17:17:53] [Thread-8/INFO]: Initializing LWJGL OpenAL
[17:17:53] [Thread-8/INFO]: (The LWJGL binding of OpenAL.  For more information, see http://www.lwjgl.org)
[17:17:53] [Thread-8/INFO]: OpenAL initialized.
[17:17:53] [Sound Library Loader/INFO]: Sound engine started
[17:18:00] [Client thread/INFO]: Created: 16x16 textures-atlas
[17:18:01] [Client thread/INFO]: Reloading ResourceManager: Default, FMLFileResourcePack:Forge Mod Loader, FMLFileResourcePack:Minecraft Forge, FMLFileResourcePack:What Could Have Been
[17:18:04] [Client thread/INFO]: SoundSystem shutting down...
[17:18:04] [Client thread/WARN]: Author: Paul Lamb, www.paulscode.com
[17:18:04] [Sound Library Loader/INFO]: Starting up SoundSystem...
[17:18:05] [Thread-10/INFO]: Initializing LWJGL OpenAL
[17:18:05] [Thread-10/INFO]: (The LWJGL binding of OpenAL.  For more information, see http://www.lwjgl.org)
[17:18:05] [Thread-10/INFO]: OpenAL initialized.
[17:18:05] [Sound Library Loader/INFO]: Sound engine started
[17:18:12] [Client thread/INFO]: Created: 512x512 textures-atlas
[17:18:14] [Client thread/WARN]: Skipping bad option: lastServer:
[17:18:15] [Realms Notification Availability checker #1/INFO]: Could not authorize you against Realms server: Invalid session id
[17:18:19] [Server thread/INFO]: Starting integrated minecraft server version 1.10.2
[17:18:19] [Server thread/INFO]: Generating keypair
[17:18:19] [Server thread/INFO]: Preparing start region for level 0
[17:18:20] [Server thread/INFO]: Preparing spawn area: 30%
[17:18:21] [Server thread/INFO]: Changing view distance to 12, from 10
[17:18:22] [Server thread/INFO]: Player313[local:E:c953b5b4] logged in with entity id 262 at (-41.8755910796313, 72.0, -32.45973183061578)
[17:18:22] [Server thread/INFO]: Player313 joined the game
[17:18:23] [Server thread/INFO]: Saving and pausing game...
[17:18:23] [Server thread/INFO]: Saving chunks for level 'New World'/Overworld
[17:18:24] [pool-2-thread-1/WARN]: Couldn't look up profile properties for com.mojang.authlib.GameProfile@35e67a11[id=07621e04-f7a0-3030-986e-2083b375ff85,name=Player313,properties={},legacy=false]
com.mojang.authlib.exceptions.AuthenticationException: The client has sent too many requests within a certain amount of time
	at com.mojang.authlib.yggdrasil.YggdrasilAuthenticationService.makeRequest(YggdrasilAuthenticationService.java:65) ~[YggdrasilAuthenticationService.class:?]
	at com.mojang.authlib.yggdrasil.YggdrasilMinecraftSessionService.fillGameProfile(YggdrasilMinecraftSessionService.java:175) [YggdrasilMinecraftSessionService.class:?]
	at com.mojang.authlib.yggdrasil.YggdrasilMinecraftSessionService$1.load(YggdrasilMinecraftSessionService.java:59) [YggdrasilMinecraftSessionService$1.class:?]
	at com.mojang.authlib.yggdrasil.YggdrasilMinecraftSessionService$1.load(YggdrasilMinecraftSessionService.java:56) [YggdrasilMinecraftSessionService$1.class:?]
	at com.google.common.cache.LocalCache$LoadingValueReference.loadFuture(LocalCache.java:3524) [guava-17.0.jar:?]
	at com.google.common.cache.LocalCache$Segment.loadSync(LocalCache.java:2317) [guava-17.0.jar:?]
	at com.google.common.cache.LocalCache$Segment.lockedGetOrLoad(LocalCache.java:2280) [guava-17.0.jar:?]
	at com.google.common.cache.LocalCache$Segment.get(LocalCache.java:2195) [guava-17.0.jar:?]
	at com.google.common.cache.LocalCache.get(LocalCache.java:3934) [guava-17.0.jar:?]
	at com.google.common.cache.LocalCache.getOrLoad(LocalCache.java:3938) [guava-17.0.jar:?]
	at com.google.common.cache.LocalCache$LocalLoadingCache.get(LocalCache.java:4821) [guava-17.0.jar:?]
	at com.google.common.cache.LocalCache$LocalLoadingCache.getUnchecked(LocalCache.java:4827) [guava-17.0.jar:?]
	at com.mojang.authlib.yggdrasil.YggdrasilMinecraftSessionService.fillProfileProperties(YggdrasilMinecraftSessionService.java:165) [YggdrasilMinecraftSessionService.class:?]
	at net.minecraft.client.Minecraft.getProfileProperties(Minecraft.java:3060) [Minecraft.class:?]
	at net.minecraft.client.resources.SkinManager$3.run(SkinManager.java:131) [SkinManager$3.class:?]
	at java.util.concurrent.Executors$RunnableAdapter.call(Unknown Source) [?:1.8.0_131]
	at java.util.concurrent.FutureTask.run(Unknown Source) [?:1.8.0_131]
	at java.util.concurrent.ThreadPoolExecutor.runWorker(Unknown Source) [?:1.8.0_131]
	at java.util.concurrent.ThreadPoolExecutor$Worker.run(Unknown Source) [?:1.8.0_131]
	at java.lang.Thread.run(Unknown Source) [?:1.8.0_131]
[17:18:24] [Server thread/INFO]: Saving chunks for level 'New World'/Nether
[17:18:24] [Server thread/INFO]: Saving chunks for level 'New World'/The End
[17:18:35] [Server thread/INFO]: Player313 has just earned the achievement [Taking Inventory]
[17:18:35] [Client thread/INFO]: [CHAT] Player313 has just earned the achievement [Taking Inventory]
