[16:23:08] [Client thread/INFO]: Setting user: Player939
[16:23:12] [Client thread/WARN]: Skipping bad option: lastServer:
[16:23:12] [Client thread/INFO]: LWJGL Version: 2.9.4
[16:23:16] [Client thread/INFO]: Reloading ResourceManager: Default, FMLFileResourcePack:Forge Mod Loader, FMLFileResourcePack:Minecraft Forge, FMLFileResourcePack:What Could Have Been
[16:23:20] [Sound Library Loader/INFO]: Starting up SoundSystem...
[16:23:21] [Thread-8/INFO]: Initializing LWJGL OpenAL
[16:23:21] [Thread-8/INFO]: (The LWJGL binding of OpenAL.  For more information, see http://www.lwjgl.org)
[16:23:21] [Thread-8/INFO]: OpenAL initialized.
[16:23:21] [Sound Library Loader/INFO]: Sound engine started
[16:23:27] [Client thread/INFO]: Created: 16x16 textures-atlas
[16:23:28] [Client thread/INFO]: Reloading ResourceManager: Default, FMLFileResourcePack:Forge Mod Loader, FMLFileResourcePack:Minecraft Forge, FMLFileResourcePack:What Could Have Been
[16:23:32] [Client thread/INFO]: SoundSystem shutting down...
[16:23:32] [Client thread/WARN]: Author: Paul Lamb, www.paulscode.com
[16:23:32] [Sound Library Loader/INFO]: Starting up SoundSystem...
[16:23:32] [Thread-10/INFO]: Initializing LWJGL OpenAL
[16:23:32] [Thread-10/INFO]: (The LWJGL binding of OpenAL.  For more information, see http://www.lwjgl.org)
[16:23:32] [Thread-10/INFO]: OpenAL initialized.
[16:23:32] [Sound Library Loader/INFO]: Sound engine started
[16:23:39] [Client thread/INFO]: Created: 512x512 textures-atlas
[16:23:41] [Client thread/WARN]: Skipping bad option: lastServer:
[16:23:42] [Realms Notification Availability checker #1/INFO]: Could not authorize you against Realms server: Invalid session id
[16:23:45] [Server thread/INFO]: Starting integrated minecraft server version 1.10.2
[16:23:45] [Server thread/INFO]: Generating keypair
[16:23:46] [Server thread/INFO]: Preparing start region for level 0
[16:23:47] [Server thread/INFO]: Preparing spawn area: 26%
[16:23:48] [Server thread/INFO]: Changing view distance to 12, from 10
[16:23:49] [Server thread/INFO]: Player939[local:E:cda37589] logged in with entity id 267 at (-42.929494807738294, 72.0, -30.150828751636716)
[16:23:49] [Server thread/INFO]: Player939 joined the game
[16:23:50] [Server thread/INFO]: Saving and pausing game...
[16:23:50] [Server thread/INFO]: Saving chunks for level 'New World'/Overworld
[16:23:50] [pool-2-thread-1/WARN]: Couldn't look up profile properties for com.mojang.authlib.GameProfile@240566c4[id=0704e0ba-eaf6-3b26-b880-53fd45ec3b48,name=Player939,properties={},legacy=false]
com.mojang.authlib.exceptions.AuthenticationException: The client has sent too many requests within a certain amount of time
	at com.mojang.authlib.yggdrasil.YggdrasilAuthenticationService.makeRequest(YggdrasilAuthenticationService.java:65) ~[YggdrasilAuthenticationService.class:?]
	at com.mojang.authlib.yggdrasil.YggdrasilMinecraftSessionService.fillGameProfile(YggdrasilMinecraftSessionService.java:175) [YggdrasilMinecraftSessionService.class:?]
	at com.mojang.authlib.yggdrasil.YggdrasilMinecraftSessionService$1.load(YggdrasilMinecraftSessionService.java:59) [YggdrasilMinecraftSessionService$1.class:?]
	at com.mojang.authlib.yggdrasil.YggdrasilMinecraftSessionService$1.load(YggdrasilMinecraftSessionService.java:56) [YggdrasilMinecraftSessionService$1.class:?]
	at com.google.common.cache.LocalCache$LoadingValueReference.loadFuture(LocalCache.java:3524) [guava-17.0.jar:?]
	at com.google.common.cache.LocalCache$Segment.loadSync(LocalCache.java:2317) [guava-17.0.jar:?]
	at com.google.common.cache.LocalCache$Segment.lockedGetOrLoad(LocalCache.java:2280) [guava-17.0.jar:?]
	at com.google.common.cache.LocalCache$Segment.get(LocalCache.java:2195) [guava-17.0.jar:?]
	at com.google.common.cache.LocalCache.get(LocalCache.java:3934) [guava-17.0.jar:?]
	at com.google.common.cache.LocalCache.getOrLoad(LocalCache.java:3938) [guava-17.0.jar:?]
	at com.google.common.cache.LocalCache$LocalLoadingCache.get(LocalCache.java:4821) [guava-17.0.jar:?]
	at com.google.common.cache.LocalCache$LocalLoadingCache.getUnchecked(LocalCache.java:4827) [guava-17.0.jar:?]
	at com.mojang.authlib.yggdrasil.YggdrasilMinecraftSessionService.fillProfileProperties(YggdrasilMinecraftSessionService.java:165) [YggdrasilMinecraftSessionService.class:?]
	at net.minecraft.client.Minecraft.getProfileProperties(Minecraft.java:3060) [Minecraft.class:?]
	at net.minecraft.client.resources.SkinManager$3.run(SkinManager.java:131) [SkinManager$3.class:?]
	at java.util.concurrent.Executors$RunnableAdapter.call(Unknown Source) [?:1.8.0_131]
	at java.util.concurrent.FutureTask.run(Unknown Source) [?:1.8.0_131]
	at java.util.concurrent.ThreadPoolExecutor.runWorker(Unknown Source) [?:1.8.0_131]
	at java.util.concurrent.ThreadPoolExecutor$Worker.run(Unknown Source) [?:1.8.0_131]
	at java.lang.Thread.run(Unknown Source) [?:1.8.0_131]
[16:23:51] [Server thread/INFO]: Saving chunks for level 'New World'/Nether
[16:23:51] [Server thread/INFO]: Saving chunks for level 'New World'/The End
[16:24:18] [Server thread/INFO]: Player939 has just earned the achievement [Taking Inventory]
[16:24:18] [Client thread/INFO]: [CHAT] Player939 has just earned the achievement [Taking Inventory]
[16:24:35] [Server thread/WARN]: Can't keep up! Did the system time change, or is the server overloaded? Running 2044ms behind, skipping 40 tick(s)
[16:26:03] [Server thread/INFO]: [Player939: Set the time to 1000]
[16:26:03] [Client thread/INFO]: [CHAT] Set the time to 1000
[16:26:04] [Server thread/INFO]: Saving and pausing game...
[16:26:05] [Server thread/INFO]: Saving chunks for level 'New World'/Overworld
[16:26:05] [Server thread/INFO]: Saving chunks for level 'New World'/Nether
[16:26:05] [Server thread/INFO]: Saving chunks for level 'New World'/The End
